  cCommandFactory.cpp
D:\GameEngineFrameworksorPatterns\Final Exam (2024)\NoodleNexus\NoodleNexus\cCommandFactory.cpp(61,20): warning C4244: 'initializing': conversion from 'double' to 'float', possible loss of data
D:\GameEngineFrameworksorPatterns\Final Exam (2024)\NoodleNexus\NoodleNexus\cCommandFactory.cpp(85,20): warning C4244: 'initializing': conversion from 'double' to 'float', possible loss of data
D:\GameEngineFrameworksorPatterns\Final Exam (2024)\NoodleNexus\NoodleNexus\cCommandFactory.cpp(110,20): warning C4244: 'initializing': conversion from 'double' to 'float', possible loss of data
  theMain.cpp
C:\Program Files (x86)\Windows Kits\10\Include\10.0.22621.0\shared\minwindef.h(130,1): warning C4005: 'APIENTRY': macro redefinition
  (compiling source file 'theMain.cpp')
  D:\GameEngineFrameworksorPatterns\Final Exam (2024)\NoodleNexus\NoodleNexus\include\glad\glad.h(32,1):
  see previous definition of 'APIENTRY'
  
D:\GameEngineFrameworksorPatterns\Final Exam (2024)\NoodleNexus\NoodleNexus\theMain.cpp(320,29): warning C4244: 'initializing': conversion from 'int' to 'float', possible loss of data
D:\GameEngineFrameworksorPatterns\Final Exam (2024)\NoodleNexus\NoodleNexus\theMain.cpp(841,32): warning C4244: '+=': conversion from 'double' to 'float', possible loss of data
D:\GameEngineFrameworksorPatterns\Final Exam (2024)\NoodleNexus\NoodleNexus\theMain.cpp(851,50): warning C4244: '-=': conversion from 'double' to 'T', possible loss of data
D:\GameEngineFrameworksorPatterns\Final Exam (2024)\NoodleNexus\NoodleNexus\theMain.cpp(851,50): warning C4244:         with
D:\GameEngineFrameworksorPatterns\Final Exam (2024)\NoodleNexus\NoodleNexus\theMain.cpp(851,50): warning C4244:         [
D:\GameEngineFrameworksorPatterns\Final Exam (2024)\NoodleNexus\NoodleNexus\theMain.cpp(851,50): warning C4244:             T=float
D:\GameEngineFrameworksorPatterns\Final Exam (2024)\NoodleNexus\NoodleNexus\theMain.cpp(851,50): warning C4244:         ]
D:\GameEngineFrameworksorPatterns\Final Exam (2024)\NoodleNexus\NoodleNexus\theMain.cpp(904,62): warning C4305: 'argument': truncation from 'double' to 'float'
D:\GameEngineFrameworksorPatterns\Final Exam (2024)\NoodleNexus\NoodleNexus\theMain.cpp(955,61): warning C4305: 'argument': truncation from 'double' to 'float'
  Generating Code...
D:\GameEngineFrameworksorPatterns\Final Exam (2024)\NoodleNexus\NoodleNexus\theMain.cpp(353): warning C4715: 'GiveRandomAsteroid': not all control paths return a value
  NoodleNexus.vcxproj -> D:\GameEngineFrameworksorPatterns\Final Exam (2024)\NoodleNexus\x64\Debug\NoodleNexus.exe
