  theMain.cpp
C:\Program Files (x86)\Windows Kits\10\Include\10.0.22621.0\shared\minwindef.h(130,1): warning C4005: 'APIENTRY': macro redefinition
  (compiling source file 'theMain.cpp')
  D:\GameEngineFrameworksorPatterns\Final Exam (2024)\NoodleNexus\NoodleNexus\include\glad\glad.h(32,1):
  see previous definition of 'APIENTRY'
  
D:\GameEngineFrameworksorPatterns\Final Exam (2024)\NoodleNexus\NoodleNexus\theMain.cpp(320,29): warning C4244: 'initializing': conversion from 'int' to 'float', possible loss of data
D:\GameEngineFrameworksorPatterns\Final Exam (2024)\NoodleNexus\NoodleNexus\theMain.cpp(841,32): warning C4244: '+=': conversion from 'double' to 'float', possible loss of data
D:\GameEngineFrameworksorPatterns\Final Exam (2024)\NoodleNexus\NoodleNexus\theMain.cpp(851,50): warning C4244: '-=': conversion from 'double' to 'T', possible loss of data
D:\GameEngineFrameworksorPatterns\Final Exam (2024)\NoodleNexus\NoodleNexus\theMain.cpp(851,50): warning C4244:         with
D:\GameEngineFrameworksorPatterns\Final Exam (2024)\NoodleNexus\NoodleNexus\theMain.cpp(851,50): warning C4244:         [
D:\GameEngineFrameworksorPatterns\Final Exam (2024)\NoodleNexus\NoodleNexus\theMain.cpp(851,50): warning C4244:             T=float
D:\GameEngineFrameworksorPatterns\Final Exam (2024)\NoodleNexus\NoodleNexus\theMain.cpp(851,50): warning C4244:         ]
D:\GameEngineFrameworksorPatterns\Final Exam (2024)\NoodleNexus\NoodleNexus\theMain.cpp(904,62): warning C4305: 'argument': truncation from 'double' to 'float'
D:\GameEngineFrameworksorPatterns\Final Exam (2024)\NoodleNexus\NoodleNexus\theMain.cpp(955,61): warning C4305: 'argument': truncation from 'double' to 'float'
LINK : warning LNK4098: defaultlib 'MSVCRTD' conflicts with use of other libs; use /NODEFAULTLIB:library
  Generating code
  1 of 1799 functions (<0.1%) were compiled, the rest were copied from previous compilation.
    0 functions were new in current compilation
    6 functions had inline decision re-evaluated but remain unchanged
  Finished generating code
lua.lib(lapi.obj) : warning LNK4099: PDB '' was not found with 'lua.lib(lapi.obj)' or at ''; linking object as if no debug info
lua.lib(lauxlib.obj) : warning LNK4099: PDB '' was not found with 'lua.lib(lauxlib.obj)' or at ''; linking object as if no debug info
lua.lib(lstate.obj) : warning LNK4099: PDB '' was not found with 'lua.lib(lstate.obj)' or at ''; linking object as if no debug info
lua.lib(linit.obj) : warning LNK4099: PDB '' was not found with 'lua.lib(linit.obj)' or at ''; linking object as if no debug info
lua.lib(lobject.obj) : warning LNK4099: PDB '' was not found with 'lua.lib(lobject.obj)' or at ''; linking object as if no debug info
lua.lib(lzio.obj) : warning LNK4099: PDB '' was not found with 'lua.lib(lzio.obj)' or at ''; linking object as if no debug info
lua.lib(ldebug.obj) : warning LNK4099: PDB '' was not found with 'lua.lib(ldebug.obj)' or at ''; linking object as if no debug info
lua.lib(ldo.obj) : warning LNK4099: PDB '' was not found with 'lua.lib(ldo.obj)' or at ''; linking object as if no debug info
lua.lib(lfunc.obj) : warning LNK4099: PDB '' was not found with 'lua.lib(lfunc.obj)' or at ''; linking object as if no debug info
lua.lib(lgc.obj) : warning LNK4099: PDB '' was not found with 'lua.lib(lgc.obj)' or at ''; linking object as if no debug info
lua.lib(lstring.obj) : warning LNK4099: PDB '' was not found with 'lua.lib(lstring.obj)' or at ''; linking object as if no debug info
lua.lib(ltable.obj) : warning LNK4099: PDB '' was not found with 'lua.lib(ltable.obj)' or at ''; linking object as if no debug info
lua.lib(ldump.obj) : warning LNK4099: PDB '' was not found with 'lua.lib(ldump.obj)' or at ''; linking object as if no debug info
lua.lib(lvm.obj) : warning LNK4099: PDB '' was not found with 'lua.lib(lvm.obj)' or at ''; linking object as if no debug info
lua.lib(ltm.obj) : warning LNK4099: PDB '' was not found with 'lua.lib(ltm.obj)' or at ''; linking object as if no debug info
lua.lib(lmem.obj) : warning LNK4099: PDB '' was not found with 'lua.lib(lmem.obj)' or at ''; linking object as if no debug info
lua.lib(llex.obj) : warning LNK4099: PDB '' was not found with 'lua.lib(llex.obj)' or at ''; linking object as if no debug info
lua.lib(lbaselib.obj) : warning LNK4099: PDB '' was not found with 'lua.lib(lbaselib.obj)' or at ''; linking object as if no debug info
lua.lib(lcorolib.obj) : warning LNK4099: PDB '' was not found with 'lua.lib(lcorolib.obj)' or at ''; linking object as if no debug info
lua.lib(ltablib.obj) : warning LNK4099: PDB '' was not found with 'lua.lib(ltablib.obj)' or at ''; linking object as if no debug info
lua.lib(liolib.obj) : warning LNK4099: PDB '' was not found with 'lua.lib(liolib.obj)' or at ''; linking object as if no debug info
lua.lib(loslib.obj) : warning LNK4099: PDB '' was not found with 'lua.lib(loslib.obj)' or at ''; linking object as if no debug info
lua.lib(lstrlib.obj) : warning LNK4099: PDB '' was not found with 'lua.lib(lstrlib.obj)' or at ''; linking object as if no debug info
lua.lib(lutf8lib.obj) : warning LNK4099: PDB '' was not found with 'lua.lib(lutf8lib.obj)' or at ''; linking object as if no debug info
lua.lib(lmathlib.obj) : warning LNK4099: PDB '' was not found with 'lua.lib(lmathlib.obj)' or at ''; linking object as if no debug info
lua.lib(ldblib.obj) : warning LNK4099: PDB '' was not found with 'lua.lib(ldblib.obj)' or at ''; linking object as if no debug info
lua.lib(loadlib.obj) : warning LNK4099: PDB '' was not found with 'lua.lib(loadlib.obj)' or at ''; linking object as if no debug info
lua.lib(lctype.obj) : warning LNK4099: PDB '' was not found with 'lua.lib(lctype.obj)' or at ''; linking object as if no debug info
lua.lib(lopcodes.obj) : warning LNK4099: PDB '' was not found with 'lua.lib(lopcodes.obj)' or at ''; linking object as if no debug info
lua.lib(lparser.obj) : warning LNK4099: PDB '' was not found with 'lua.lib(lparser.obj)' or at ''; linking object as if no debug info
lua.lib(lundump.obj) : warning LNK4099: PDB '' was not found with 'lua.lib(lundump.obj)' or at ''; linking object as if no debug info
lua.lib(lcode.obj) : warning LNK4099: PDB '' was not found with 'lua.lib(lcode.obj)' or at ''; linking object as if no debug info
  NoodleNexus.vcxproj -> D:\GameEngineFrameworksorPatterns\Final Exam (2024)\NoodleNexus\x64\Release\NoodleNexus.exe
